<?xml version="1.0" encoding="UTF-8"?>
<testsuite xmlns:xsi="http://www.w3.org/2001/XMLSchema-instance" xsi:noNamespaceSchemaLocation="https://maven.apache.org/surefire/maven-surefire-plugin/xsd/surefire-test-report-3.0.xsd" version="3.0" name="no.hvl.dat110.unit.tests.TestRemote" time="0.017" tests="1" errors="0" skipped="0" failures="0">
  <properties>
[...]
</properties>
  <testcase name="test" classname="no.hvl.dat110.unit.tests.TestRemote" time="0.016">
    <system-out><![CDATA[activeNodesforFile is :[no.hvl.dat110.middleware.Message@346939bf, no.hvl.dat110.middleware.Message@533377b, no.hvl.dat110.middleware.Message@59d2103b, no.hvl.dat110.middleware.Message@18518ccf]
Node: process5 Primary: true
Primary = process5
2024-05-11 17:19:33 INFO  UpdateOperations:90 - Trying to update file replicas for peer: 210821560651360572675896360671414673172
2024-05-11 17:19:33 INFO  UpdateOperations:69 - Update file is being performed by this peer: process4 | 149037318589456997023767356092491379363
2024-05-11 17:19:33 INFO  UpdateOperations:69 - Update file is being performed by this peer: process4 | 179241403734895214076219526399432130488
2024-05-11 17:19:33 INFO  UpdateOperations:102 - Finished updating file for peer: 210821560651360572675896360671414673172
2024-05-11 17:19:33 INFO  UpdateOperations:90 - Trying to update file replicas for peer: 15618062003214643351512781541041391612
2024-05-11 17:19:33 INFO  UpdateOperations:69 - Update file is being performed by this peer: process2 | 8256520967608282605234844990226290265
2024-05-11 17:19:33 INFO  UpdateOperations:102 - Finished updating file for peer: 15618062003214643351512781541041391612
2024-05-11 17:19:33 INFO  UpdateOperations:90 - Trying to update file replicas for peer: 121411138451101288395601026024677976156
2024-05-11 17:19:33 INFO  UpdateOperations:69 - Update file is being performed by this peer: process5 | 83550242532527638904138483233262313637
2024-05-11 17:19:33 INFO  UpdateOperations:102 - Finished updating file for peer: 121411138451101288395601026024677976156
]]></system-out>
    <system-err><![CDATA[Stub retrieved successfully for node: process1 on port: 9091
121411138451101288395601026024677976156
Stub retrieved successfully for node: process5 on port: 9095
Stub retrieved successfully for node: process4 on port: 9094
Stub retrieved successfully for node: process2 on port: 9092
Stub retrieved successfully for node: process5 on port: 9095
Stub retrieved successfully for node: process2 on port: 9092
Stub retrieved successfully for node: process4 on port: 9094
Stub retrieved successfully for node: process4 on port: 9094
]]></system-err>
  </testcase>
</testsuite>